  Renderer.cpp
C:\Users\freeeeeG\Desktop\Games101\pa6\PA6\Assignment6\global.hpp(19,46): warning C4244: '=': conversion from 'double' to 'float', possible loss of data
C:\Users\freeeeeG\Desktop\Games101\pa6\PA6\Assignment6\global.hpp(21,17): warning C4244: 'initializing': conversion from 'double' to 'float', possible loss of data
C:\Users\freeeeeG\Desktop\Games101\pa6\PA6\Assignment6\global.hpp(45,13): warning C4244: 'initializing': conversion from 'float' to 'int', possible loss of data
C:\Users\freeeeeG\Desktop\Games101\pa6\PA6\Assignment6\Ray.hpp(16,68): warning C4244: 'argument': conversion from 'double' to 'float', possible loss of data
C:\Users\freeeeeG\Desktop\Games101\pa6\PA6\Assignment6\Ray.hpp(16,52): warning C4244: 'argument': conversion from 'double' to 'float', possible loss of data
C:\Users\freeeeeG\Desktop\Games101\pa6\PA6\Assignment6\Ray.hpp(16,36): warning C4244: 'argument': conversion from 'double' to 'float', possible loss of data
C:\Users\freeeeeG\Desktop\Games101\pa6\PA6\Assignment6\Ray.hpp(22,65): warning C4244: 'argument': conversion from 'double' to 'const float', possible loss of data
C:\Users\freeeeeG\Desktop\Games101\pa6\PA6\Assignment6\Bounds3.hpp(20,41): warning C4244: 'argument': conversion from 'double' to 'float', possible loss of data
C:\Users\freeeeeG\Desktop\Games101\pa6\PA6\Assignment6\Bounds3.hpp(20,33): warning C4244: 'argument': conversion from 'double' to 'float', possible loss of data
C:\Users\freeeeeG\Desktop\Games101\pa6\PA6\Assignment6\Bounds3.hpp(20,25): warning C4244: 'argument': conversion from 'double' to 'float', possible loss of data
C:\Users\freeeeeG\Desktop\Games101\pa6\PA6\Assignment6\Bounds3.hpp(21,41): warning C4244: 'argument': conversion from 'double' to 'float', possible loss of data
C:\Users\freeeeeG\Desktop\Games101\pa6\PA6\Assignment6\Bounds3.hpp(21,33): warning C4244: 'argument': conversion from 'double' to 'float', possible loss of data
C:\Users\freeeeeG\Desktop\Games101\pa6\PA6\Assignment6\Bounds3.hpp(21,25): warning C4244: 'argument': conversion from 'double' to 'float', possible loss of data
C:\Users\freeeeeG\Desktop\Games101\pa6\PA6\Assignment6\Bounds3.hpp(96,19): warning C4244: 'initializing': conversion from 'double' to 'float', possible loss of data
C:\Users\freeeeeG\Desktop\Games101\pa6\PA6\Assignment6\Bounds3.hpp(97,19): warning C4244: 'initializing': conversion from 'double' to 'float', possible loss of data
C:\Users\freeeeeG\Desktop\Games101\pa6\PA6\Assignment6\Bounds3.hpp(98,19): warning C4244: 'initializing': conversion from 'double' to 'float', possible loss of data
C:\Users\freeeeeG\Desktop\Games101\pa6\PA6\Assignment6\Bounds3.hpp(99,19): warning C4244: 'initializing': conversion from 'double' to 'float', possible loss of data
C:\Users\freeeeeG\Desktop\Games101\pa6\PA6\Assignment6\Bounds3.hpp(100,19): warning C4244: 'initializing': conversion from 'double' to 'float', possible loss of data
C:\Users\freeeeeG\Desktop\Games101\pa6\PA6\Assignment6\Bounds3.hpp(101,19): warning C4244: 'initializing': conversion from 'double' to 'float', possible loss of data
C:\Users\freeeeeG\Desktop\Games101\pa6\PA6\Assignment6\Scene.hpp(23,30): warning C4305: 'argument': truncation from 'double' to 'float'
C:\Users\freeeeeG\Desktop\Games101\pa6\PA6\Assignment6\Renderer.cpp(10,60): warning C4244: 'return': conversion from 'double' to 'float', possible loss of data
C:\Users\freeeeeG\Desktop\Games101\pa6\PA6\Assignment6\Renderer.cpp(12,30): warning C4305: 'initializing': truncation from 'double' to 'float'
C:\Users\freeeeeG\Desktop\Games101\pa6\PA6\Assignment6\Renderer.cpp(21,41): warning C4244: 'argument': conversion from 'double' to 'const float', possible loss of data
C:\Users\freeeeeG\Desktop\Games101\pa6\PA6\Assignment6\Renderer.cpp(25,28): warning C4018: '<': signed/unsigned mismatch
C:\Users\freeeeeG\Desktop\Games101\pa6\PA6\Assignment6\Renderer.cpp(26,32): warning C4018: '<': signed/unsigned mismatch
C:\Users\freeeeeG\Desktop\Games101\pa6\PA6\Assignment6\Renderer.cpp(28,21): warning C4244: 'initializing': conversion from 'double' to 'float', possible loss of data
C:\Users\freeeeeG\Desktop\Games101\pa6\PA6\Assignment6\Renderer.cpp(30,21): warning C4244: 'initializing': conversion from 'double' to 'float', possible loss of data
  main.cpp
C:\Users\freeeeeG\Desktop\Games101\pa6\PA6\Assignment6\global.hpp(19,46): warning C4244: '=': conversion from 'double' to 'float', possible loss of data
C:\Users\freeeeeG\Desktop\Games101\pa6\PA6\Assignment6\global.hpp(21,17): warning C4244: 'initializing': conversion from 'double' to 'float', possible loss of data
C:\Users\freeeeeG\Desktop\Games101\pa6\PA6\Assignment6\global.hpp(45,13): warning C4244: 'initializing': conversion from 'float' to 'int', possible loss of data
C:\Users\freeeeeG\Desktop\Games101\pa6\PA6\Assignment6\Ray.hpp(16,68): warning C4244: 'argument': conversion from 'double' to 'float', possible loss of data
C:\Users\freeeeeG\Desktop\Games101\pa6\PA6\Assignment6\Ray.hpp(16,52): warning C4244: 'argument': conversion from 'double' to 'float', possible loss of data
C:\Users\freeeeeG\Desktop\Games101\pa6\PA6\Assignment6\Ray.hpp(16,36): warning C4244: 'argument': conversion from 'double' to 'float', possible loss of data
C:\Users\freeeeeG\Desktop\Games101\pa6\PA6\Assignment6\Ray.hpp(22,65): warning C4244: 'argument': conversion from 'double' to 'const float', possible loss of data
C:\Users\freeeeeG\Desktop\Games101\pa6\PA6\Assignment6\Bounds3.hpp(20,41): warning C4244: 'argument': conversion from 'double' to 'float', possible loss of data
C:\Users\freeeeeG\Desktop\Games101\pa6\PA6\Assignment6\Bounds3.hpp(20,33): warning C4244: 'argument': conversion from 'double' to 'float', possible loss of data
C:\Users\freeeeeG\Desktop\Games101\pa6\PA6\Assignment6\Bounds3.hpp(20,25): warning C4244: 'argument': conversion from 'double' to 'float', possible loss of data
C:\Users\freeeeeG\Desktop\Games101\pa6\PA6\Assignment6\Bounds3.hpp(21,41): warning C4244: 'argument': conversion from 'double' to 'float', possible loss of data
C:\Users\freeeeeG\Desktop\Games101\pa6\PA6\Assignment6\Bounds3.hpp(21,33): warning C4244: 'argument': conversion from 'double' to 'float', possible loss of data
C:\Users\freeeeeG\Desktop\Games101\pa6\PA6\Assignment6\Bounds3.hpp(21,25): warning C4244: 'argument': conversion from 'double' to 'float', possible loss of data
C:\Users\freeeeeG\Desktop\Games101\pa6\PA6\Assignment6\Bounds3.hpp(96,19): warning C4244: 'initializing': conversion from 'double' to 'float', possible loss of data
C:\Users\freeeeeG\Desktop\Games101\pa6\PA6\Assignment6\Bounds3.hpp(97,19): warning C4244: 'initializing': conversion from 'double' to 'float', possible loss of data
C:\Users\freeeeeG\Desktop\Games101\pa6\PA6\Assignment6\Bounds3.hpp(98,19): warning C4244: 'initializing': conversion from 'double' to 'float', possible loss of data
C:\Users\freeeeeG\Desktop\Games101\pa6\PA6\Assignment6\Bounds3.hpp(99,19): warning C4244: 'initializing': conversion from 'double' to 'float', possible loss of data
C:\Users\freeeeeG\Desktop\Games101\pa6\PA6\Assignment6\Bounds3.hpp(100,19): warning C4244: 'initializing': conversion from 'double' to 'float', possible loss of data
C:\Users\freeeeeG\Desktop\Games101\pa6\PA6\Assignment6\Bounds3.hpp(101,19): warning C4244: 'initializing': conversion from 'double' to 'float', possible loss of data
C:\Users\freeeeeG\Desktop\Games101\pa6\PA6\Assignment6\Scene.hpp(23,30): warning C4305: 'argument': truncation from 'double' to 'float'
C:\Users\freeeeeG\Desktop\Games101\pa6\PA6\Assignment6\OBJ_Loader.hpp(945,33): warning C4244: 'initializing': conversion from 'double' to 'float', possible loss of data
C:\Users\freeeeeG\Desktop\Games101\pa6\PA6\Assignment6\Triangle.hpp(112,1): warning C4305: '=': truncation from 'double' to 'float'
C:\Users\freeeeeG\Desktop\Games101\pa6\PA6\Assignment6\Triangle.hpp(172,23): warning C4244: 'initializing': conversion from 'int' to 'float', possible loss of data
C:\Users\freeeeeG\Desktop\Games101\pa6\PA6\Assignment6\Triangle.hpp(175,1): warning C4305: 'argument': truncation from 'double' to 'float'
C:\Program Files (x86)\Microsoft Visual Studio\2019\Community\VC\Tools\MSVC\14.28.29910\include\memory(3580,56): warning C4244: 'argument': conversion from '_Ty' to 'float', possible loss of data
          with
          [
              _Ty=int
          ]
C:\Users\freeeeeG\Desktop\Games101\pa6\PA6\Assignment6\main.cpp(19): message : see reference to function template instantiation 'std::unique_ptr<Light,std::default_delete<Light>> std::make_unique<Light,Vector3f,int,0>(Vector3f &&,int &&)' being compiled
  Generating code
  27 of 1153 functions ( 2.3%) were compiled, the rest were copied from previous compilation.
    1 functions were new in current compilation
    7 functions had inline decision re-evaluated but remain unchanged
  Finished generating code
  pa06.vcxproj -> D:\AAAprojects\OpenGLtest\x64\Release\pa06.exe
